2025-07-20 21:17:14.984519 +07:00 - kasir1 melakukan: Login
2025-07-20 21:20:32.023270900 +07:00 - admin melakukan: Login
2025-07-20 21:32:38.654538800 +07:00 - admin melakukan: Login
2025-07-20 21:36:19.432753800 +07:00 - admin melakukan: Login
2025-07-20 21:36:23.143036300 +07:00 - admin melakukan: Logout
2025-07-20 21:40:55.659720100 +07:00 - admin melakukan: Login
2025-07-20 21:40:58.560309300 +07:00 - admin melakukan: Logout
2025-07-20 21:41:12.984555600 +07:00 - admin melakukan: Login
2025-07-20 21:41:15.704691500 +07:00 - admin melakukan: Logout
2025-07-20 21:41:37.006762200 +07:00 - admin melakukan: Login
2025-07-20 21:44:56.913215200 +07:00 - admin melakukan: Login
2025-07-20 21:45:01.283295200 +07:00 - admin melakukan: Logout
2025-07-20 21:45:41.338198800 +07:00 - admin melakukan: Login
2025-07-20 21:45:43.316995100 +07:00 - admin melakukan: Logout
2025-07-20 21:46:18.671401700 +07:00 - admin melakukan: Login
2025-07-20 21:46:20.439745600 +07:00 - admin melakukan: Logout
2025-07-20 21:54:47.713385 +07:00 - admin melakukan: Login
2025-07-20 21:54:51.439105800 +07:00 - admin melakukan: Logout
2025-07-20 21:54:57.920856400 +07:00 - admin melakukan: Login
2025-07-20 21:55:08.092598 +07:00 - admin melakukan: Menambahkan barang
2025-07-20 21:55:16.072425300 +07:00 - admin melakukan: Logout
2025-07-20 21:55:20.603524600 +07:00 - kasir1 melakukan: Login
2025-07-21 00:55:30.689901700 +07:00 - admin melakukan: Login
2025-07-21 00:55:39.742441900 +07:00 - admin melakukan: Menambahkan barang
2025-07-21 00:55:58.615717600 +07:00 - kasir1 melakukan: Login
2025-07-21 01:01:56.107268500 +07:00 - admin melakukan: Login
2025-07-21 01:02:34.909094200 +07:00 - admin melakukan: Login
2025-07-21 01:03:13.778960900 +07:00 - admin melakukan: Mengupdate stok 'Mie indomie' menjadi 250
2025-07-21 01:03:24.443925800 +07:00 - admin melakukan: Logout
2025-07-21 01:03:32.767980 +07:00 - kasir1 melakukan: Login
2025-07-21 01:03:40.367860 +07:00 - kasir1 melakukan: Logout
2025-07-21 01:03:47.623706200 +07:00 - admin melakukan: Login
